<?xml version="1.0" encoding="UTF-8"?>
<!-- Generated by org.testng.reporters.JUnitReportReporter -->
<testsuite hostname="C02G59ZLML7H" failures="0" tests="4" name="api.test.UserTests2" time="8.960" errors="0" timestamp="2023-04-03T13:26:26 AEST" skipped="0">
  <testcase classname="api.test.UserTests2" name="testPostUser" time="3.100"/>
  <system-out/>
  <testcase classname="api.test.UserTests2" name="testGetUserByName" time="1.567"/>
  <system-out/>
  <testcase classname="api.test.UserTests2" name="testUpdateUserByName" time="2.955"/>
  <system-out/>
  <testcase classname="api.test.UserTests2" name="testDeleteUserByName" time="1.338"/>
  <system-out/>
</testsuite> <!-- api.test.UserTests2 -->
